<?xml version="1.0" encoding="UTF-8"?>
<!-- Generated by org.testng.reporters.JUnitXMLReporter -->
<testsuite ignored="1" hostname="IL-IT-DHEERAJREDDY" failures="0" tests="8" name="Default test" time="266.114" errors="0" timestamp="2023-02-15T10:39:39 IST">
  <testcase classname="com.unified.infinity.uitest.admin.UAMSanity" name="UnifiedForgotPass" time="26.949"/>
  <testcase classname="com.unified.infinity.uitest.admin.UAMSanity" name="SignInWithPassword" time="13.209"/>
  <testcase classname="com.unified.infinity.uitest.admin.UAMSanity" name="ChangePassword" time="38.043"/>
  <testcase classname="com.unified.infinity.uitest.admin.UAMSanity" name="ChangePasswordWithOTP" time="27.745"/>
  <testcase classname="com.unified.infinity.uitest.admin.UAMSanity" name="Profile" time="100.874"/>
  <testcase classname="com.unified.infinity.uitest.admin.UAMSanity" name="PersonalProfileUpdate" time="21.213"/>
  <testcase classname="com.unified.infinity.uitest.admin.UAMSanity" name="VerifyPhone" time="3.661"/>
  <testcase classname="com.unified.infinity.uitest.admin.UAMSanity" name="UnifiedOtp" time="9.869"/>
  <testcase classname="com.unified.infinity.uitest.admin.UAMSanity" name="SignUP" time="0.0">
    <ignored/>
  </testcase> <!-- SignUP -->
</testsuite> <!-- Default test -->
