<?xml version="1.0" encoding="UTF-8"?>
<!-- Generated by org.testng.reporters.JUnitXMLReporter -->
<testsuite ignored="8" hostname="IL-IT-DHEERAJREDDY" failures="0" tests="1" name="Default test" time="10.319" errors="0" timestamp="2023-02-15T16:46:02 IST">
  <testcase classname="com.unified.infinity.uitest.admin.UAMSanity" name="SignInWithPassword" time="6.51"/>
  <testcase classname="com.unified.infinity.uitest.admin.UAMSanity" name="UnifiedForgotPass" time="0.0">
    <ignored/>
  </testcase> <!-- UnifiedForgotPass -->
  <testcase classname="com.unified.infinity.uitest.admin.UAMSanity" name="PersonalProfileUpdate" time="0.0">
    <ignored/>
  </testcase> <!-- PersonalProfileUpdate -->
  <testcase classname="com.unified.infinity.uitest.admin.UAMSanity" name="VerifyPhone" time="0.0">
    <ignored/>
  </testcase> <!-- VerifyPhone -->
  <testcase classname="com.unified.infinity.uitest.admin.UAMSanity" name="SignUP" time="0.0">
    <ignored/>
  </testcase> <!-- SignUP -->
  <testcase classname="com.unified.infinity.uitest.admin.UAMSanity" name="ChangePassword" time="0.0">
    <ignored/>
  </testcase> <!-- ChangePassword -->
  <testcase classname="com.unified.infinity.uitest.admin.UAMSanity" name="ChangePasswordWithOTP" time="0.0">
    <ignored/>
  </testcase> <!-- ChangePasswordWithOTP -->
  <testcase classname="com.unified.infinity.uitest.admin.UAMSanity" name="UnifiedOtp" time="0.0">
    <ignored/>
  </testcase> <!-- UnifiedOtp -->
  <testcase classname="com.unified.infinity.uitest.admin.UAMSanity" name="Profile" time="0.0">
    <ignored/>
  </testcase> <!-- Profile -->
</testsuite> <!-- Default test -->
