<?xml version="1.0" encoding="UTF-8"?>
<!-- Generated by org.testng.reporters.JUnitXMLReporter -->
<testsuite ignored="2" hostname="IL-IT-PRAVEENT" failures="0" tests="7" name="Regression" time="240.909" errors="0" timestamp="2023-02-14T09:10:41 IST">
  <testcase classname="com.unified.infinity.uitest.admin.UnifiedProfile" name="ChangeProfilePicture" time="24.192"/>
  <testcase classname="com.unified.infinity.uitest.admin.UnifiedProfile" name="ChangePassword" time="9.305"/>
  <testcase classname="com.unified.infinity.uitest.admin.UnifiedProfile" name="ChangePassword2" time="19.374"/>
  <testcase classname="com.unified.infinity.uitest.admin.UnifiedProfile" name="ChangePassword3" time="10.368"/>
  <testcase classname="com.unified.infinity.uitest.admin.UnifiedProfile" name="Profile" time="104.417"/>
  <testcase classname="com.unified.infinity.uitest.admin.UnifiedProfile" name="SelectGrade11" time="25.185"/>
  <testcase classname="com.unified.infinity.uitest.admin.UnifiedProfile" name="ProfileUpdate" time="26.774"/>
  <testcase classname="com.unified.infinity.uitest.admin.UnifiedProfile" name="Onlylogin" time="0.0">
    <ignored/>
  </testcase> <!-- Onlylogin -->
  <testcase classname="com.unified.infinity.uitest.admin.UnifiedProfile" name="ChangePassword4" time="0.0">
    <ignored/>
  </testcase> <!-- ChangePassword4 -->
</testsuite> <!-- Regression -->
