<?xml version="1.0" encoding="UTF-8"?>
<testng-results ignored="8" total="9" passed="1" failed="0" skipped="0">
  <reporter-output>
  </reporter-output>
  <suite started-at="2023-02-15T16:45:51 IST" name="Default suite" finished-at="2023-02-15T16:46:02 IST" duration-ms="10319">
    <groups>
    </groups>
    <test started-at="2023-02-15T16:45:51 IST" name="Default test" finished-at="2023-02-15T16:46:02 IST" duration-ms="10319">
      <class name="com.unified.infinity.uitest.admin.UAMSanity">
        <test-method is-config="true" signature="setup()[pri:0, instance:com.unified.infinity.uitest.admin.UAMSanity@795509d9]" started-at="2023-02-15T16:45:52 IST" name="setup" finished-at="2023-02-15T16:45:55 IST" duration-ms="3175" status="PASS">
          <reporter-output>
          </reporter-output>
        </test-method> <!-- setup -->
        <test-method is-config="true" signature="methodsetup()[pri:0, instance:com.unified.infinity.uitest.admin.UAMSanity@795509d9]" started-at="2023-02-15T16:45:55 IST" name="methodsetup" finished-at="2023-02-15T16:45:55 IST" duration-ms="34" status="PASS">
          <reporter-output>
          </reporter-output>
        </test-method> <!-- methodsetup -->
        <test-method signature="SignInWithPassword(java.util.HashMap)[pri:1, instance:com.unified.infinity.uitest.admin.UAMSanity@795509d9]" started-at="2023-02-15T16:45:55 IST" name="SignInWithPassword" data-provider="getData" finished-at="2023-02-15T16:46:01 IST" duration-ms="6510" status="PASS">
          <params>
            <param index="0">
              <value>
                <![CDATA[{NewPassword=Test@123, EmailID=Test@gmail.com, ParentNumber=9000090000, Address=Madhapur, FirstName=Test, ExecutionFlag=Y, City=Hyderabad, ParentName=Test, NewPhoneNumber=7676767676, PhoneNumber=8688858154, LastName=Test, APP_URL=https://student.devinfinitylearn.in/, Pincode=500081, Password=Pass123}]]>
              </value>
            </param>
          </params>
          <reporter-output>
          </reporter-output>
        </test-method> <!-- SignInWithPassword -->
        <test-method is-config="true" signature="EndMethod()[pri:0, instance:com.unified.infinity.uitest.admin.UAMSanity@795509d9]" started-at="2023-02-15T16:46:01 IST" name="EndMethod" finished-at="2023-02-15T16:46:02 IST" duration-ms="160" status="PASS">
          <reporter-output>
          </reporter-output>
        </test-method> <!-- EndMethod -->
        <test-method is-config="true" signature="endSuite()[pri:0, instance:com.unified.infinity.uitest.admin.UAMSanity@795509d9]" started-at="2023-02-15T16:46:02 IST" name="endSuite" finished-at="2023-02-15T16:46:02 IST" duration-ms="42" status="PASS">
          <reporter-output>
          </reporter-output>
        </test-method> <!-- endSuite -->
        <test-method is-config="true" signature="sendEmail()[pri:0, instance:com.unified.infinity.uitest.admin.UAMSanity@795509d9]" started-at="2023-02-15T16:46:02 IST" name="sendEmail" finished-at="2023-02-15T16:46:05 IST" depends-on-methods="com.unified.infinity.uitest.admin.UAMSanity.endSuite" duration-ms="2832" status="PASS">
          <reporter-output>
          </reporter-output>
        </test-method> <!-- sendEmail -->
      </class> <!-- com.unified.infinity.uitest.admin.UAMSanity -->
    </test> <!-- Default test -->
  </suite> <!-- Default suite -->
</testng-results>
