<?xml version="1.0" encoding="UTF-8"?>
<testng-results ignored="1" total="9" passed="8" failed="0" skipped="0">
  <reporter-output>
  </reporter-output>
  <suite started-at="2023-02-15T10:35:13 IST" name="Default suite" finished-at="2023-02-15T10:39:39 IST" duration-ms="266114">
    <groups>
    </groups>
    <test started-at="2023-02-15T10:35:13 IST" name="Default test" finished-at="2023-02-15T10:39:39 IST" duration-ms="266114">
      <class name="com.unified.infinity.uitest.admin.UAMSanity">
        <test-method is-config="true" signature="setup()[pri:0, instance:com.unified.infinity.uitest.admin.UAMSanity@76b1e9b8]" started-at="2023-02-15T10:35:14 IST" name="setup" finished-at="2023-02-15T10:35:17 IST" duration-ms="3094" status="PASS">
          <reporter-output>
          </reporter-output>
        </test-method> <!-- setup -->
        <test-method is-config="true" signature="methodsetup()[pri:0, instance:com.unified.infinity.uitest.admin.UAMSanity@76b1e9b8]" started-at="2023-02-15T10:35:17 IST" name="methodsetup" finished-at="2023-02-15T10:35:17 IST" duration-ms="43" status="PASS">
          <reporter-output>
          </reporter-output>
        </test-method> <!-- methodsetup -->
        <test-method signature="UnifiedForgotPass(java.util.HashMap)[pri:0, instance:com.unified.infinity.uitest.admin.UAMSanity@76b1e9b8]" started-at="2023-02-15T10:35:17 IST" name="UnifiedForgotPass" data-provider="getData" finished-at="2023-02-15T10:35:44 IST" duration-ms="26949" status="PASS">
          <params>
            <param index="0">
              <value>
                <![CDATA[{NewPassword=Test@123, EmailID=Test@gmail.com, ParentNumber=9000090000, Address=Madhapur, FirstName=Test, ExecutionFlag=Y, City=Hyderabad, ParentName=Test, NewPhoneNumber=7676767676, PhoneNumber=8688858154, LastName=Test, APP_URL=https://student.devinfinitylearn.in/, Pincode=500081, Password=Pass123}]]>
              </value>
            </param>
          </params>
          <reporter-output>
          </reporter-output>
        </test-method> <!-- UnifiedForgotPass -->
        <test-method is-config="true" signature="EndMethod()[pri:0, instance:com.unified.infinity.uitest.admin.UAMSanity@76b1e9b8]" started-at="2023-02-15T10:35:44 IST" name="EndMethod" finished-at="2023-02-15T10:35:44 IST" duration-ms="347" status="PASS">
          <reporter-output>
          </reporter-output>
        </test-method> <!-- EndMethod -->
        <test-method is-config="true" signature="setup()[pri:0, instance:com.unified.infinity.uitest.admin.UAMSanity@76b1e9b8]" started-at="2023-02-15T10:35:44 IST" name="setup" finished-at="2023-02-15T10:35:47 IST" duration-ms="2913" status="PASS">
          <reporter-output>
          </reporter-output>
        </test-method> <!-- setup -->
        <test-method is-config="true" signature="methodsetup()[pri:0, instance:com.unified.infinity.uitest.admin.UAMSanity@76b1e9b8]" started-at="2023-02-15T10:35:47 IST" name="methodsetup" finished-at="2023-02-15T10:35:47 IST" duration-ms="10" status="PASS">
          <reporter-output>
          </reporter-output>
        </test-method> <!-- methodsetup -->
        <test-method signature="SignInWithPassword(java.util.HashMap)[pri:1, instance:com.unified.infinity.uitest.admin.UAMSanity@76b1e9b8]" started-at="2023-02-15T10:35:47 IST" name="SignInWithPassword" data-provider="getData" finished-at="2023-02-15T10:36:00 IST" duration-ms="13209" status="PASS">
          <params>
            <param index="0">
              <value>
                <![CDATA[{NewPassword=Test@123, EmailID=Test@gmail.com, ParentNumber=9000090000, Address=Madhapur, FirstName=Test, ExecutionFlag=Y, City=Hyderabad, ParentName=Test, NewPhoneNumber=7676767676, PhoneNumber=8688858154, LastName=Test, APP_URL=https://student.devinfinitylearn.in/, Pincode=500081, Password=Pass123}]]>
              </value>
            </param>
          </params>
          <reporter-output>
          </reporter-output>
        </test-method> <!-- SignInWithPassword -->
        <test-method is-config="true" signature="EndMethod()[pri:0, instance:com.unified.infinity.uitest.admin.UAMSanity@76b1e9b8]" started-at="2023-02-15T10:36:00 IST" name="EndMethod" finished-at="2023-02-15T10:36:00 IST" duration-ms="46" status="PASS">
          <reporter-output>
          </reporter-output>
        </test-method> <!-- EndMethod -->
        <test-method is-config="true" signature="setup()[pri:0, instance:com.unified.infinity.uitest.admin.UAMSanity@76b1e9b8]" started-at="2023-02-15T10:36:00 IST" name="setup" finished-at="2023-02-15T10:36:03 IST" duration-ms="2750" status="PASS">
          <reporter-output>
          </reporter-output>
        </test-method> <!-- setup -->
        <test-method is-config="true" signature="methodsetup()[pri:0, instance:com.unified.infinity.uitest.admin.UAMSanity@76b1e9b8]" started-at="2023-02-15T10:36:03 IST" name="methodsetup" finished-at="2023-02-15T10:36:03 IST" duration-ms="6" status="PASS">
          <reporter-output>
          </reporter-output>
        </test-method> <!-- methodsetup -->
        <test-method signature="ChangePassword(java.util.HashMap)[pri:3, instance:com.unified.infinity.uitest.admin.UAMSanity@76b1e9b8]" started-at="2023-02-15T10:36:03 IST" name="ChangePassword" data-provider="getData" finished-at="2023-02-15T10:36:41 IST" duration-ms="38043" status="PASS">
          <params>
            <param index="0">
              <value>
                <![CDATA[{NewPassword=Test@123, EmailID=Test@gmail.com, ParentNumber=9000090000, Address=Madhapur, FirstName=Test, ExecutionFlag=Y, City=Hyderabad, ParentName=Test, NewPhoneNumber=7676767676, PhoneNumber=8688858154, LastName=Test, APP_URL=https://student.devinfinitylearn.in/, Pincode=500081, Password=Pass123}]]>
              </value>
            </param>
          </params>
          <reporter-output>
          </reporter-output>
        </test-method> <!-- ChangePassword -->
        <test-method is-config="true" signature="EndMethod()[pri:0, instance:com.unified.infinity.uitest.admin.UAMSanity@76b1e9b8]" started-at="2023-02-15T10:36:41 IST" name="EndMethod" finished-at="2023-02-15T10:36:41 IST" duration-ms="55" status="PASS">
          <reporter-output>
          </reporter-output>
        </test-method> <!-- EndMethod -->
        <test-method is-config="true" signature="setup()[pri:0, instance:com.unified.infinity.uitest.admin.UAMSanity@76b1e9b8]" started-at="2023-02-15T10:36:41 IST" name="setup" finished-at="2023-02-15T10:36:44 IST" duration-ms="2747" status="PASS">
          <reporter-output>
          </reporter-output>
        </test-method> <!-- setup -->
        <test-method is-config="true" signature="methodsetup()[pri:0, instance:com.unified.infinity.uitest.admin.UAMSanity@76b1e9b8]" started-at="2023-02-15T10:36:44 IST" name="methodsetup" finished-at="2023-02-15T10:36:44 IST" duration-ms="4" status="PASS">
          <reporter-output>
          </reporter-output>
        </test-method> <!-- methodsetup -->
        <test-method signature="ChangePasswordWithOTP(java.util.HashMap)[pri:4, instance:com.unified.infinity.uitest.admin.UAMSanity@76b1e9b8]" started-at="2023-02-15T10:36:44 IST" name="ChangePasswordWithOTP" data-provider="getData" finished-at="2023-02-15T10:37:12 IST" duration-ms="27745" status="PASS">
          <params>
            <param index="0">
              <value>
                <![CDATA[{NewPassword=Test@123, EmailID=Test@gmail.com, ParentNumber=9000090000, Address=Madhapur, FirstName=Test, ExecutionFlag=Y, City=Hyderabad, ParentName=Test, NewPhoneNumber=7676767676, PhoneNumber=8688858154, LastName=Test, APP_URL=https://student.devinfinitylearn.in/, Pincode=500081, Password=Pass123}]]>
              </value>
            </param>
          </params>
          <reporter-output>
          </reporter-output>
        </test-method> <!-- ChangePasswordWithOTP -->
        <test-method is-config="true" signature="EndMethod()[pri:0, instance:com.unified.infinity.uitest.admin.UAMSanity@76b1e9b8]" started-at="2023-02-15T10:37:12 IST" name="EndMethod" finished-at="2023-02-15T10:37:12 IST" duration-ms="51" status="PASS">
          <reporter-output>
          </reporter-output>
        </test-method> <!-- EndMethod -->
        <test-method is-config="true" signature="setup()[pri:0, instance:com.unified.infinity.uitest.admin.UAMSanity@76b1e9b8]" started-at="2023-02-15T10:37:12 IST" name="setup" finished-at="2023-02-15T10:37:15 IST" duration-ms="2784" status="PASS">
          <reporter-output>
          </reporter-output>
        </test-method> <!-- setup -->
        <test-method is-config="true" signature="methodsetup()[pri:0, instance:com.unified.infinity.uitest.admin.UAMSanity@76b1e9b8]" started-at="2023-02-15T10:37:15 IST" name="methodsetup" finished-at="2023-02-15T10:37:15 IST" duration-ms="3" status="PASS">
          <reporter-output>
          </reporter-output>
        </test-method> <!-- methodsetup -->
        <test-method signature="Profile(java.util.HashMap)[pri:5, instance:com.unified.infinity.uitest.admin.UAMSanity@76b1e9b8]" started-at="2023-02-15T10:37:15 IST" name="Profile" data-provider="getData" finished-at="2023-02-15T10:38:56 IST" duration-ms="100874" status="PASS">
          <params>
            <param index="0">
              <value>
                <![CDATA[{NewPassword=Test@123, EmailID=Test@gmail.com, ParentNumber=9000090000, Address=Madhapur, FirstName=Test, ExecutionFlag=Y, City=Hyderabad, ParentName=Test, NewPhoneNumber=7676767676, PhoneNumber=8688858154, LastName=Test, APP_URL=https://student.devinfinitylearn.in/, Pincode=500081, Password=Pass123}]]>
              </value>
            </param>
          </params>
          <reporter-output>
          </reporter-output>
        </test-method> <!-- Profile -->
        <test-method is-config="true" signature="EndMethod()[pri:0, instance:com.unified.infinity.uitest.admin.UAMSanity@76b1e9b8]" started-at="2023-02-15T10:38:56 IST" name="EndMethod" finished-at="2023-02-15T10:38:56 IST" duration-ms="35" status="PASS">
          <reporter-output>
          </reporter-output>
        </test-method> <!-- EndMethod -->
        <test-method is-config="true" signature="setup()[pri:0, instance:com.unified.infinity.uitest.admin.UAMSanity@76b1e9b8]" started-at="2023-02-15T10:38:56 IST" name="setup" finished-at="2023-02-15T10:38:59 IST" duration-ms="2916" status="PASS">
          <reporter-output>
          </reporter-output>
        </test-method> <!-- setup -->
        <test-method is-config="true" signature="methodsetup()[pri:0, instance:com.unified.infinity.uitest.admin.UAMSanity@76b1e9b8]" started-at="2023-02-15T10:38:59 IST" name="methodsetup" finished-at="2023-02-15T10:38:59 IST" duration-ms="4" status="PASS">
          <reporter-output>
          </reporter-output>
        </test-method> <!-- methodsetup -->
        <test-method signature="PersonalProfileUpdate(java.util.HashMap)[pri:6, instance:com.unified.infinity.uitest.admin.UAMSanity@76b1e9b8]" started-at="2023-02-15T10:38:59 IST" name="PersonalProfileUpdate" data-provider="getData" finished-at="2023-02-15T10:39:20 IST" duration-ms="21213" status="PASS">
          <params>
            <param index="0">
              <value>
                <![CDATA[{NewPassword=Test@123, EmailID=Test@gmail.com, ParentNumber=9000090000, Address=Madhapur, FirstName=Test, ExecutionFlag=Y, City=Hyderabad, ParentName=Test, NewPhoneNumber=7676767676, PhoneNumber=8688858154, LastName=Test, APP_URL=https://student.devinfinitylearn.in/, Pincode=500081, Password=Pass123}]]>
              </value>
            </param>
          </params>
          <reporter-output>
          </reporter-output>
        </test-method> <!-- PersonalProfileUpdate -->
        <test-method is-config="true" signature="EndMethod()[pri:0, instance:com.unified.infinity.uitest.admin.UAMSanity@76b1e9b8]" started-at="2023-02-15T10:39:20 IST" name="EndMethod" finished-at="2023-02-15T10:39:20 IST" duration-ms="31" status="PASS">
          <reporter-output>
          </reporter-output>
        </test-method> <!-- EndMethod -->
        <test-method is-config="true" signature="setup()[pri:0, instance:com.unified.infinity.uitest.admin.UAMSanity@76b1e9b8]" started-at="2023-02-15T10:39:20 IST" name="setup" finished-at="2023-02-15T10:39:23 IST" duration-ms="2923" status="PASS">
          <reporter-output>
          </reporter-output>
        </test-method> <!-- setup -->
        <test-method is-config="true" signature="methodsetup()[pri:0, instance:com.unified.infinity.uitest.admin.UAMSanity@76b1e9b8]" started-at="2023-02-15T10:39:23 IST" name="methodsetup" finished-at="2023-02-15T10:39:23 IST" duration-ms="2" status="PASS">
          <reporter-output>
          </reporter-output>
        </test-method> <!-- methodsetup -->
        <test-method signature="VerifyPhone(java.util.HashMap)[pri:7, instance:com.unified.infinity.uitest.admin.UAMSanity@76b1e9b8]" started-at="2023-02-15T10:39:23 IST" name="VerifyPhone" data-provider="getData" finished-at="2023-02-15T10:39:26 IST" duration-ms="3661" status="PASS">
          <params>
            <param index="0">
              <value>
                <![CDATA[{NewPassword=Test@123, EmailID=Test@gmail.com, ParentNumber=9000090000, Address=Madhapur, FirstName=Test, ExecutionFlag=Y, City=Hyderabad, ParentName=Test, NewPhoneNumber=7676767676, PhoneNumber=8688858154, LastName=Test, APP_URL=https://student.devinfinitylearn.in/, Pincode=500081, Password=Pass123}]]>
              </value>
            </param>
          </params>
          <reporter-output>
          </reporter-output>
        </test-method> <!-- VerifyPhone -->
        <test-method is-config="true" signature="EndMethod()[pri:0, instance:com.unified.infinity.uitest.admin.UAMSanity@76b1e9b8]" started-at="2023-02-15T10:39:26 IST" name="EndMethod" finished-at="2023-02-15T10:39:26 IST" duration-ms="23" status="PASS">
          <reporter-output>
          </reporter-output>
        </test-method> <!-- EndMethod -->
        <test-method is-config="true" signature="setup()[pri:0, instance:com.unified.infinity.uitest.admin.UAMSanity@76b1e9b8]" started-at="2023-02-15T10:39:27 IST" name="setup" finished-at="2023-02-15T10:39:29 IST" duration-ms="2833" status="PASS">
          <reporter-output>
          </reporter-output>
        </test-method> <!-- setup -->
        <test-method is-config="true" signature="methodsetup()[pri:0, instance:com.unified.infinity.uitest.admin.UAMSanity@76b1e9b8]" started-at="2023-02-15T10:39:29 IST" name="methodsetup" finished-at="2023-02-15T10:39:29 IST" duration-ms="1" status="PASS">
          <reporter-output>
          </reporter-output>
        </test-method> <!-- methodsetup -->
        <test-method signature="UnifiedOtp(java.util.HashMap)[pri:8, instance:com.unified.infinity.uitest.admin.UAMSanity@76b1e9b8]" started-at="2023-02-15T10:39:29 IST" name="UnifiedOtp" data-provider="getData" finished-at="2023-02-15T10:39:39 IST" duration-ms="9869" status="PASS">
          <params>
            <param index="0">
              <value>
                <![CDATA[{NewPassword=Test@123, EmailID=Test@gmail.com, ParentNumber=9000090000, Address=Madhapur, FirstName=Test, ExecutionFlag=Y, City=Hyderabad, ParentName=Test, NewPhoneNumber=7676767676, PhoneNumber=8688858154, LastName=Test, APP_URL=https://student.devinfinitylearn.in/, Pincode=500081, Password=Pass123}]]>
              </value>
            </param>
          </params>
          <reporter-output>
          </reporter-output>
        </test-method> <!-- UnifiedOtp -->
        <test-method is-config="true" signature="EndMethod()[pri:0, instance:com.unified.infinity.uitest.admin.UAMSanity@76b1e9b8]" started-at="2023-02-15T10:39:39 IST" name="EndMethod" finished-at="2023-02-15T10:39:39 IST" duration-ms="32" status="PASS">
          <reporter-output>
          </reporter-output>
        </test-method> <!-- EndMethod -->
        <test-method is-config="true" signature="endSuite()[pri:0, instance:com.unified.infinity.uitest.admin.UAMSanity@76b1e9b8]" started-at="2023-02-15T10:39:39 IST" name="endSuite" finished-at="2023-02-15T10:39:39 IST" duration-ms="24" status="PASS">
          <reporter-output>
          </reporter-output>
        </test-method> <!-- endSuite -->
      </class> <!-- com.unified.infinity.uitest.admin.UAMSanity -->
    </test> <!-- Default test -->
  </suite> <!-- Default suite -->
</testng-results>
